<?xml version="1.0" encoding="UTF-8"?>
<testsuite name="com.jalasoft.sfdc.runner.RunCukesTest" tests="1" skipped="0" failures="0" errors="0" timestamp="2018-09-07T17:55:30" hostname="LAPTOP-64OOOLRI" time="305.068">
  <properties/>
  <testcase name="feature[0](Create Account)" classname="com.jalasoft.sfdc.runner.RunCukesTest" time="305.068"/>
  <system-out><![CDATA[Feature: Create Account
Initialize the page transporter
return homepage light ++++++++++++++++++++++++++++++++
return topmenu light ++++++++++++++++++++++++++++++++

  Background:                      ?[90m# features/CreateAccount.feature:2?[0m
    ?[32mGiven ?[0m?[32mI navigate to Login page?[0m ?[90m# LoginSteps.navigateToLoginPage()?[0m
    ?[32mAnd ?[0m?[32mI login as "?[0m?[32m?[1mfranz?[0m?[32m" User?[0m    ?[90m# LoginSteps.loginAsUser(String)?[0m
return homepage light ++++++++++++++++++++++++++++++++
return topmenu light ++++++++++++++++++++++++++++++++
return appLauncher light ++++++++++++++++++++++++++++++++

  Scenario: verify that is not posible create a new Account with empty name ?[90m# features/CreateAccount.feature:5?[0m
    ?[32mGiven ?[0m?[32mI go to "?[0m?[32m?[1mAccount?[0m?[32m" Home Page?[0m                                       ?[90m# AccountSteps.iGoToHomePage(String)?[0m
    ?[32mAnd ?[0m?[32mI click on New "?[0m?[32m?[1mAccount?[0m?[32m"?[0m                                            ?[90m# AccountSteps.iClickOnNew(String)?[0m
    ?[33mWhen ?[0m?[33mI fill the Account form with:?[0m
    ?[33mThen ?[0m?[33m"Account Name" message should be displayed in "Account" form?[0m
return homepage light ++++++++++++++++++++++++++++++++
return topmenu light ++++++++++++++++++++++++++++++++

  Background:                      ?[90m# features/CreateAccount.feature:2?[0m
    ?[32mGiven ?[0m?[32mI navigate to Login page?[0m ?[90m# LoginSteps.navigateToLoginPage()?[0m
    ?[32mAnd ?[0m?[32mI login as "?[0m?[32m?[1mfranz?[0m?[32m" User?[0m    ?[90m# LoginSteps.loginAsUser(String)?[0m
return homepage light ++++++++++++++++++++++++++++++++
return topmenu light ++++++++++++++++++++++++++++++++
return appLauncher light ++++++++++++++++++++++++++++++++

  Scenario: verify that is possible create a new Account with some field fill                          ?[90m# features/CreateAccount.feature:12?[0m
    ?[32mGiven ?[0m?[32mI go to "?[0m?[32m?[1mAccount?[0m?[32m" Home Page?[0m                                                                  ?[90m# AccountSteps.iGoToHomePage(String)?[0m
    ?[32mAnd ?[0m?[32mI click on New "?[0m?[32m?[1mAccount?[0m?[32m"?[0m                                                                       ?[90m# AccountSteps.iClickOnNew(String)?[0m
    ?[33mWhen ?[0m?[33mI fill the Account form with:?[0m
    ?[33mThen ?[0m?[33m"Account "${ACCOUNT_NAME}" was created." message should be displayed in "Account" Detail Page?[0m
    ?[33mAnd ?[0m?[33mthe Account should be displayed?[0m
    ?[36mAnd ?[0m?[36mI go to "?[0m?[36m?[1mAccount?[0m?[36m" Home Page?[0m                                                                    ?[90m# AccountSteps.iGoToHomePage(String)?[0m
    ?[33mAnd ?[0m?[33mthe Account should be displayed on Home Page table?[0m
    ?[33mAnd ?[0m?[33mAssert all?[0m
]]></system-out>
  <system-err><![CDATA[]]></system-err>
</testsuite>
